{"name": "test_qy_aritcal", "status": "failed", "statusDetails": {"message": "AssertionError: False is not true", "trace": "self = <case.app.test_query_aritcal.TestQueryAcitcal testMethod=test_qy_aritcal>\n\n    def test_qy_aritcal(self):\n        channel_name = '架构'\n        self.index_proxy.test_qari_by_channel(channel_name)\n>       self.assertTrue(is_el_by_attribute(self.driver, 'text', '点赞'))\nE       AssertionError: False is not true\n\ntest_query_aritcal.py:17: AssertionError"}, "start": 1598513756583, "stop": 1598513827234, "uuid": "d88b5d60-4cec-46cf-a509-247b42d789c2", "historyId": "143e3eebcce4efdfe3ee099cdfe969ee", "testCaseId": "54d54e021cb8b27111d028abc5de425d", "fullName": "case.app.test_query_aritcal.TestQueryAcitcal#test_qy_aritcal", "labels": [{"name": "parentSuite", "value": "case.app"}, {"name": "suite", "value": "test_query_aritcal"}, {"name": "subSuite", "value": "TestQueryAcitcal"}, {"name": "host", "value": "x-PC"}, {"name": "thread", "value": "7740-MainThread"}, {"name": "framework", "value": "pytest"}, {"name": "language", "value": "cpython3"}, {"name": "package", "value": "case.app.test_query_aritcal"}]}